<?xml version="1.0" ?>
<coverage branch-rate="1" branches-covered="0" branches-valid="0" complexity="0" line-rate="1" lines-covered="4" lines-valid="4" timestamp="1537266032242" version="4.5.1">
	<!-- Generated by coverage.py: https://coverage.readthedocs.io -->
	<!-- Based on https://raw.githubusercontent.com/cobertura/web/master/htdocs/xml/coverage-04.dtd -->
	<sources>
		<source>D:\Klaudia\GitRepos\test\MyDemoProject\MyDemoProject</source>
	</sources>
	<packages>
		<package branch-rate="1" complexity="0" line-rate="1" name=".">
			<classes>
				<class branch-rate="1" complexity="0" filename="MyDemoProject.py" line-rate="1" name="MyDemoProject.py">
					<methods/>
					<lines>
						<line hits="1" number="2"/>
					</lines>
				</class>
				<class branch-rate="1" complexity="0" filename="__init__.py" line-rate="1" name="__init__.py">
					<methods/>
					<lines>
						<line hits="1" number="4"/>
						<line hits="1" number="6"/>
						<line hits="1" number="7"/>
					</lines>
				</class>
			</classes>
		</package>
	</packages>
</coverage>
